#
# There is insufficient memory for the Java Runtime Environment to continue.
# Native memory allocation (mmap) failed to map 2097152 bytes. Error detail: G1 virtual space
# Possible reasons:
#   The system is out of physical RAM or swap space
#   This process is running with CompressedOops enabled, and the Java Heap may be blocking the growth of the native heap
# Possible solutions:
#   Reduce memory load on the system
#   Increase physical memory or swap space
#   Check if swap backing store is full
#   Decrease Java heap size (-Xmx/-Xms)
#   Decrease number of Java threads
#   Decrease Java thread stack sizes (-Xss)
#   Set larger code cache with -XX:ReservedCodeCacheSize=
#   JVM is running with Zero Based Compressed Oops mode in which the Java heap is
#     placed in the first 32GB address space. The Java Heap base address is the
#     maximum limit for the native heap growth. Please use -XX:HeapBaseMinAddress
#     to set the Java Heap base and to place the Java Heap above 32GB virtual address.
# This output file may be truncated or incomplete.
#
#  Out of Memory Error (os_windows.cpp:3564), pid=41036, tid=15292
#
# JRE version: Java(TM) SE Runtime Environment (24.0.1+9) (build 24.0.1+9-30)
# Java VM: Java HotSpot(TM) 64-Bit Server VM (24.0.1+9-30, mixed mode, sharing, tiered, compressed oops, compressed class ptrs, g1 gc, windows-amd64)
# No core dump will be written. Minidumps are not enabled by default on client versions of Windows
#

---------------  S U M M A R Y ------------

Command Line: -javaagent:C:\Users\user\AppData\Local\JetBrains\IdeaIC2025.2\captureAgent\debugger-agent.jar=file:///C:/Users/user/AppData/Local/Temp/capture11069425784059985104.props -ea -Didea.test.cyclic.buffer.size=1048576 -javaagent:C:\Program Files\JetBrains\IntelliJ IDEA Community Edition 2025.2.3\lib\idea_rt.jar=63744 -Dkotlinx.coroutines.debug.enable.creation.stack.trace=false -Ddebugger.agent.enable.coroutines=true -Dkotlinx.coroutines.debug.enable.flows.stack.trace=true -Dkotlinx.coroutines.debug.enable.mutable.state.flows.stack.trace=true -Dfile.encoding=UTF-8 -Dsun.stdout.encoding=UTF-8 -Dsun.stderr.encoding=UTF-8 com.intellij.rt.testng.RemoteTestNGStarter -usedefaultlisteners false -socket63743 @w@C:\Users\user\AppData\Local\Temp\idea_working_dirs_testng.tmp -temp C:\Users\user\AppData\Local\Temp\idea_testng.tmp

Host: Intel(R) Core(TM) i7-10870H CPU @ 2.20GHz, 16 cores, 15G,  Windows 11 , 64 bit Build 26100 (10.0.26100.7019)
Time: Sat Nov 29 12:39:06 2025 Egypt Standard Time elapsed time: 5.873023 seconds (0d 0h 0m 5s)

---------------  T H R E A D  ---------------

Current thread (0x00000226554f6320):  WorkerThread "GC Thread#3"    [id=15292, stack(0x0000005d2de00000,0x0000005d2df00000) (1024K)]

Stack: [0x0000005d2de00000,0x0000005d2df00000]
Native frames: (J=compiled Java code, j=interpreted, Vv=VM code, C=native code)
V  [jvm.dll+0x730739]  (no source info available)
V  [jvm.dll+0x8d9b23]  (no source info available)
V  [jvm.dll+0x8dc00d]  (no source info available)
V  [jvm.dll+0x8dc683]  (no source info available)
V  [jvm.dll+0x2aa086]  (no source info available)
V  [jvm.dll+0x72cc65]  (no source info available)
V  [jvm.dll+0x72059a]  (no source info available)
V  [jvm.dll+0x390cea]  (no source info available)
V  [jvm.dll+0x3989f6]  (no source info available)
V  [jvm.dll+0x384f21]  (no source info available)
V  [jvm.dll+0x3855e4]  (no source info available)
V  [jvm.dll+0x3856ad]  (no source info available)
V  [jvm.dll+0x35e93c]  (no source info available)
V  [jvm.dll+0x35e68d]  (no source info available)
V  [jvm.dll+0x34c145]  (no source info available)
V  [jvm.dll+0x34c536]  (no source info available)
V  [jvm.dll+0x34d1cb]  (no source info available)
V  [jvm.dll+0x34d62e]  (no source info available)
V  [jvm.dll+0x34d0b7]  (no source info available)
V  [jvm.dll+0x392c82]  (no source info available)
V  [jvm.dll+0x39306f]  (no source info available)
V  [jvm.dll+0x3912ee]  (no source info available)
V  [jvm.dll+0x394368]  (no source info available)
V  [jvm.dll+0x3906ce]  (no source info available)
V  [jvm.dll+0x3a2087]  (no source info available)
V  [jvm.dll+0x71ced9]  (no source info available)
V  [jvm.dll+0x34712b]  (no source info available)
V  [jvm.dll+0x346b25]  (no source info available)
V  [jvm.dll+0x42dcd1]  (no source info available)
V  [jvm.dll+0x87dab6]  (no source info available)
V  [jvm.dll+0x8873b1]  (no source info available)
V  [jvm.dll+0x3a253a]  (no source info available)
V  [jvm.dll+0x3a23ca]  (no source info available)
V  [jvm.dll+0x3aabf4]  (no source info available)
V  [jvm.dll+0x3aaf0b]  (no source info available)
V  [jvm.dll+0x90c487]  (no source info available)
V  [jvm.dll+0x87d76b]  (no source info available)
V  [jvm.dll+0x72ee55]  (no source info available)
C  [ucrtbase.dll+0x37b0]  (no source info available)
C  [KERNEL32.DLL+0x2e8d7]  (no source info available)
C  [ntdll.dll+0x8c53c]  (no source info available)

JavaThread 0x0000022666622980 (nid = 11660) was being processed
Java frames: (J=compiled Java code, j=interpreted, Vv=VM code)
J 3401  java.lang.Throwable.fillInStackTrace(I)Ljava/lang/Throwable; java.base@24.0.1 (0 bytes) @ 0x0000022607ca9bc3 [0x0000022607ca9b80+0x0000000000000043]
J 3610 c1 java.lang.Throwable.fillInStackTrace()Ljava/lang/Throwable; java.base@24.0.1 (29 bytes) @ 0x0000022600645894 [0x0000022600645740+0x0000000000000154]
J 3640 c1 java.lang.Throwable.<init>(Ljava/lang/String;)V java.base@24.0.1 (52 bytes) @ 0x000002260064e464 [0x000002260064e260+0x0000000000000204]
J 3771 c1 java.lang.NoSuchMethodException.<init>(Ljava/lang/String;)V java.base@24.0.1 (6 bytes) @ 0x000002260068aeb4 [0x000002260068adc0+0x00000000000000f4]
J 3838 c1 java.lang.Class.getDeclaredMethod(Ljava/lang/String;[Ljava/lang/Class;)Ljava/lang/reflect/Method; java.base@24.0.1 (42 bytes) @ 0x00000226006aa8ec [0x00000226006aa440+0x00000000000004ac]
J 3684 c1 org.openqa.selenium.json.JsonOutput.getMethod(Ljava/lang/Class;Ljava/lang/String;)Ljava/lang/reflect/Method; (55 bytes) @ 0x0000022600662d4c [0x0000022600662a60+0x00000000000002ec]
J 3684 c1 org.openqa.selenium.json.JsonOutput.getMethod(Ljava/lang/Class;Ljava/lang/String;)Ljava/lang/reflect/Method; (55 bytes) @ 0x00000226006631fc [0x0000022600662a60+0x000000000000079c]
J 3684 c1 org.openqa.selenium.json.JsonOutput.getMethod(Ljava/lang/Class;Ljava/lang/String;)Ljava/lang/reflect/Method; (55 bytes) @ 0x00000226006631fc [0x0000022600662a60+0x000000000000079c]
j  org.openqa.selenium.json.JsonOutput.lambda$new$15(Ljava/lang/Class;)Z+5
j  org.openqa.selenium.json.JsonOutput$$Lambda+0x000002261023a030.test(Ljava/lang/Object;)Z+8
J 3604 c1 org.openqa.selenium.json.JsonOutput$$Lambda+0x000002261023c520.test(Ljava/lang/Object;)Z (12 bytes) @ 0x0000022600643db4 [0x00000226006438e0+0x00000000000004d4]
J 1611 c1 java.util.stream.ReferencePipeline$2$1.accept(Ljava/lang/Object;)V java.base@24.0.1 (24 bytes) @ 0x000002260028b264 [0x000002260028b140+0x0000000000000124]
J 3599 c1 java.util.Collections$UnmodifiableMap$UnmodifiableEntrySet$$Lambda+0x000002261002a858.accept(Ljava/lang/Object;)V java.base@24.0.1 (12 bytes) @ 0x00000226006426f4 [0x0000022600642280+0x0000000000000474]
J 2615 c1 java.util.Spliterators$IteratorSpliterator.tryAdvance(Ljava/util/function/Consumer;)Z java.base@24.0.1 (77 bytes) @ 0x0000022600454cec [0x0000022600454820+0x00000000000004cc]
J 3603 c1 java.util.Collections$UnmodifiableMap$UnmodifiableEntrySet$UnmodifiableEntrySetSpliterator.tryAdvance(Ljava/util/function/Consumer;)Z java.base@24.0.1 (19 bytes) @ 0x00000226006448dc [0x00000226006443a0+0x000000000000053c]
J 2641 c1 java.util.stream.ReferencePipeline.forEachWithCancel(Ljava/util/Spliterator;Ljava/util/stream/Sink;)Z java.base@24.0.1 (23 bytes) @ 0x00000226004677f4 [0x00000226004676c0+0x0000000000000134]
J 2594 c1 java.util.stream.AbstractPipeline.copyIntoWithCancel(Ljava/util/stream/Sink;Ljava/util/Spliterator;)Z java.base@24.0.1 (46 bytes) @ 0x000002260044baf4 [0x000002260044b7e0+0x0000000000000314]
J 1603 c1 java.util.stream.AbstractPipeline.copyInto(Ljava/util/stream/Sink;Ljava/util/Spliterator;)V java.base@24.0.1 (54 bytes) @ 0x00000226002877f4 [0x00000226002871a0+0x0000000000000654]
J 1574 c1 java.util.stream.AbstractPipeline.wrapAndCopyInto(Ljava/util/stream/Sink;Ljava/util/Spliterator;)Ljava/util/stream/Sink; java.base@24.0.1 (18 bytes) @ 0x000002260027a9f4 [0x000002260027a6e0+0x0000000000000314]
J 2822 c1 java.util.stream.FindOps$FindOp.evaluateSequential(Ljava/util/stream/PipelineHelper;Ljava/util/Spliterator;)Ljava/lang/Object; java.base@24.0.1 (39 bytes) @ 0x00000226004d1c24 [0x00000226004d1960+0x00000000000002c4]
J 1606 c1 java.util.stream.AbstractPipeline.evaluate(Ljava/util/stream/TerminalOp;)Ljava/lang/Object; java.base@24.0.1 (94 bytes) @ 0x0000022600288fbc [0x00000226002889c0+0x00000000000005fc]
J 2771 c1 java.util.stream.ReferencePipeline.findFirst()Ljava/util/Optional; java.base@24.0.1 (12 bytes) @ 0x00000226004b7d24 [0x00000226004b7bc0+0x0000000000000164]
j  org.openqa.selenium.json.JsonOutput.write0(Ljava/lang/Object;II)Lorg/openqa/selenium/json/JsonOutput;+25
j  org.openqa.selenium.json.JsonOutput.write(Ljava/lang/Object;I)Lorg/openqa/selenium/json/JsonOutput;+4
j  org.openqa.selenium.json.Json.toJson(Ljava/lang/Object;I)Ljava/lang/String;+19
j  org.openqa.selenium.json.Json.toJson(Ljava/lang/Object;)Ljava/lang/String;+4
j  org.openqa.selenium.remote.codec.AbstractHttpCommandCodec.encode(Lorg/openqa/selenium/remote/Command;)Lorg/openqa/selenium/remote/http/HttpRequest;+108
j  org.openqa.selenium.remote.codec.AbstractHttpCommandCodec.encode(Lorg/openqa/selenium/remote/Command;)Ljava/lang/Object;+2
j  org.openqa.selenium.remote.HttpCommandExecutor.execute(Lorg/openqa/selenium/remote/Command;)Lorg/openqa/selenium/remote/Response;+255
j  org.openqa.selenium.remote.service.DriverCommandExecutor.invokeExecute(Lorg/openqa/selenium/remote/Command;)Lorg/openqa/selenium/remote/Response;+2
j  org.openqa.selenium.remote.service.DriverCommandExecutor.execute(Lorg/openqa/selenium/remote/Command;)Lorg/openqa/selenium/remote/Response;+195
j  org.openqa.selenium.remote.RemoteWebDriver.execute(Lorg/openqa/selenium/remote/CommandPayload;)Lorg/openqa/selenium/remote/Response;+77
j  org.openqa.selenium.remote.ElementLocation$ElementFinder$2.findElement(Lorg/openqa/selenium/remote/RemoteWebDriver;Lorg/openqa/selenium/SearchContext;Ljava/util/function/BiFunction;Lorg/openqa/selenium/By;)Lorg/openqa/selenium/WebElement;+36
j  org.openqa.selenium.remote.ElementLocation.findElement(Lorg/openqa/selenium/remote/RemoteWebDriver;Lorg/openqa/selenium/SearchContext;Ljava/util/function/BiFunction;Lorg/openqa/selenium/By;)Lorg/openqa/selenium/WebElement;+60
j  org.openqa.selenium.remote.RemoteWebDriver.findElement(Lorg/openqa/selenium/SearchContext;Ljava/util/function/BiFunction;Lorg/openqa/selenium/By;)Lorg/openqa/selenium/WebElement;+8
j  org.openqa.selenium.remote.RemoteWebDriver.findElement(Lorg/openqa/selenium/By;)Lorg/openqa/selenium/WebElement;+16
j  org.openqa.selenium.support.ui.ExpectedConditions$7.apply(Lorg/openqa/selenium/WebDriver;)Lorg/openqa/selenium/WebElement;+5
j  org.openqa.selenium.support.ui.ExpectedConditions$7.apply(Ljava/lang/Object;)Ljava/lang/Object;+5
j  org.openqa.selenium.support.ui.ExpectedConditions$22.apply(Lorg/openqa/selenium/WebDriver;)Lorg/openqa/selenium/WebElement;+8
j  org.openqa.selenium.support.ui.ExpectedConditions$22.apply(Ljava/lang/Object;)Ljava/lang/Object;+5
j  org.openqa.selenium.support.ui.FluentWait.until(Ljava/util/function/Function;)Ljava/lang/Object;+20
j  pages.RegisterPage.clickContinue()V+11
j  tests.register_tests.register_with_empty_fields()V+27
j  java.lang.invoke.LambdaForm$DMH+0x00000226100c1000.invokeVirtual(Ljava/lang/Object;Ljava/lang/Object;)V+10 java.base@24.0.1
j  java.lang.invoke.LambdaForm$MH+0x00000226100c1800.invoke(Ljava/lang/Object;Ljava/lang/Object;)Ljava/lang/Object;+31 java.base@24.0.1
j  java.lang.invoke.Invokers$Holder.invokeExact_MT(Ljava/lang/Object;Ljava/lang/Object;Ljava/lang/Object;)Ljava/lang/Object;+19 java.base@24.0.1
j  jdk.internal.reflect.DirectMethodHandleAccessor.invokeImpl(Ljava/lang/Object;[Ljava/lang/Object;)Ljava/lang/Object;+41 java.base@24.0.1
j  jdk.internal.reflect.DirectMethodHandleAccessor.invoke(Ljava/lang/Object;[Ljava/lang/Object;)Ljava/lang/Object;+23 java.base@24.0.1
j  java.lang.reflect.Method.invoke(Ljava/lang/Object;[Ljava/lang/Object;)Ljava/lang/Object;+102 java.base@24.0.1
j  org.testng.internal.invokers.MethodInvocationHelper.invokeMethod(Ljava/lang/reflect/Method;Ljava/lang/Object;[Ljava/lang/Object;)Ljava/lang/Object;+198
j  org.testng.internal.invokers.TestInvoker.invokeMethod(Lorg/testng/internal/invokers/TestMethodArguments;Lorg/testng/xml/XmlSuite;Lorg/testng/internal/invokers/ITestInvoker$FailureContext;)Lorg/testng/ITestResult;+1028
j  org.testng.internal.invokers.TestInvoker.invokeTestMethod(Lorg/testng/internal/invokers/TestMethodArguments;Lorg/testng/xml/XmlSuite;Lorg/testng/internal/invokers/ITestInvoker$FailureContext;)Lorg/testng/ITestResult;+16
j  org.testng.internal.invokers.MethodRunner.runInSequence(Lorg/testng/internal/invokers/TestMethodArguments;Lorg/testng/internal/invokers/ITestInvoker;Lorg/testng/ITestContext;Ljava/util/concurrent/atomic/AtomicInteger;Lorg/testng/internal/invokers/ITestInvoker$FailureContext;Ljava/util/Iterator;Z)Ljava/util/List;+127
j  org.testng.internal.invokers.TestInvoker$MethodInvocationAgent.invoke(I)I+384
j  org.testng.internal.invokers.TestInvoker.invokeTestMethods(Lorg/testng/ITestNGMethod;Lorg/testng/internal/ConfigurationGroupMethods;Ljava/lang/Object;Lorg/testng/ITestContext;)Ljava/util/List;+571
j  org.testng.internal.invokers.TestMethodWorker.invokeTestMethods(Lorg/testng/ITestNGMethod;Ljava/lang/Object;)V+14
j  org.testng.internal.invokers.TestMethodWorker.run()V+162
j  org.testng.TestRunner$$Lambda+0x00000226100ee7a8.accept(Ljava/lang/Object;)V+7
j  java.util.ArrayList.forEach(Ljava/util/function/Consumer;)V+46 java.base@24.0.1
j  org.testng.TestRunner.privateRun(Lorg/testng/xml/XmlTest;)V+322
j  org.testng.TestRunner.run()V+11
j  org.testng.SuiteRunner.runTest(Lorg/testng/TestRunner;)V+21
j  org.testng.SuiteRunner.runSequentially()V+31
j  org.testng.SuiteRunner.privateRun()V+341
j  org.testng.SuiteRunner.run()V+6
j  org.testng.SuiteRunnerWorker.runSuite(Lorg/testng/internal/invokers/SuiteRunnerMap;Lorg/testng/xml/XmlSuite;)V+56
j  org.testng.SuiteRunnerWorker.run()V+12
j  org.testng.TestNG.runSuitesSequentially(Lorg/testng/xml/XmlSuite;Lorg/testng/internal/invokers/SuiteRunnerMap;ILjava/lang/String;)V+66
j  org.testng.TestNG.runSuitesLocally()Ljava/util/List;+190
j  org.testng.TestNG.runSuites()Ljava/util/List;+1
j  org.testng.TestNG.run()V+25
j  com.intellij.rt.testng.IDEARemoteTestNG.run()V+270
j  com.intellij.rt.testng.RemoteTestNGStarter.main([Ljava/lang/String;)V+548
v  ~StubRoutines::call_stub 0x0000022607450fcd

---------------  P R O C E S S  ---------------

Threads class SMR info:
_java_thread_list=0x0000022656f00610, length=33, elements={
0x0000022666622980, 0x00000226790f0490, 0x00000226790f0dd0, 0x0000022654018830,
0x00000226790f70b0, 0x00000226790f8ac0, 0x00000226790fc220, 0x000002265401d7c0,
0x0000022654028de0, 0x000002265402c2d0, 0x000002265402bb40, 0x000002265402a490,
0x000002265425c9b0, 0x0000022654334760, 0x00000226543f5d10, 0x00000226543f6450,
0x0000022656284390, 0x000002265528a830, 0x00000226569c5ac0, 0x00000226569c3d80,
0x00000226569c44d0, 0x00000226569c4c20, 0x00000226569c5370, 0x00000226569c2ee0,
0x00000226569c7f50, 0x00000226569c70b0, 0x00000226569c86a0, 0x00000226569c6960,
0x00000226569ca3e0, 0x0000022656fc49d0, 0x0000022656fc2540, 0x0000022656fc2c90,
0x0000022656fc1df0
}

Java Threads: ( => current thread )
  0x0000022666622980 JavaThread "Forwarding findElement on session 4a0007772215778afd6d02727bc8174e to remote"        [_thread_blocked, id=11660, stack(0x0000005d2c400000,0x0000005d2c500000) (1024K)]
  0x00000226790f0490 JavaThread "Reference Handler"          daemon [_thread_blocked, id=13372, stack(0x0000005d2cc00000,0x0000005d2cd00000) (1024K)]
  0x00000226790f0dd0 JavaThread "Finalizer"                  daemon [_thread_blocked, id=42840, stack(0x0000005d2cd00000,0x0000005d2ce00000) (1024K)]
  0x0000022654018830 JavaThread "Signal Dispatcher"          daemon [_thread_blocked, id=39244, stack(0x0000005d2ce00000,0x0000005d2cf00000) (1024K)]
  0x00000226790f70b0 JavaThread "Attach Listener"            daemon [_thread_blocked, id=27200, stack(0x0000005d2cf00000,0x0000005d2d000000) (1024K)]
  0x00000226790f8ac0 JavaThread "Service Thread"             daemon [_thread_blocked, id=21332, stack(0x0000005d2d000000,0x0000005d2d100000) (1024K)]
  0x00000226790fc220 JavaThread "Monitor Deflation Thread"   daemon [_thread_blocked, id=3892, stack(0x0000005d2d100000,0x0000005d2d200000) (1024K)]
  0x000002265401d7c0 JavaThread "C2 CompilerThread0"         daemon [_thread_blocked, id=10680, stack(0x0000005d2d200000,0x0000005d2d300000) (1024K)]
  0x0000022654028de0 JavaThread "C1 CompilerThread0"         daemon [_thread_blocked, id=2884, stack(0x0000005d2d300000,0x0000005d2d400000) (1024K)]
  0x000002265402c2d0 JavaThread "C1 CompilerThread1"         daemon [_thread_blocked, id=18892, stack(0x0000005d2d400000,0x0000005d2d500000) (1024K)]
  0x000002265402bb40 JavaThread "C1 CompilerThread2"         daemon [_thread_blocked, id=7384, stack(0x0000005d2d500000,0x0000005d2d600000) (1024K)]
  0x000002265402a490 JavaThread "C1 CompilerThread3"         daemon [_thread_blocked, id=19376, stack(0x0000005d2d600000,0x0000005d2d700000) (1024K)]
  0x000002265425c9b0 JavaThread "Common-Cleaner"             daemon [_thread_blocked, id=29700, stack(0x0000005d2d800000,0x0000005d2d900000) (1024K)]
  0x0000022654334760 JavaThread "IntelliJ Suspend Helper"    daemon [_thread_blocked, id=33184, stack(0x0000005d2d900000,0x0000005d2da00000) (1024K)]
  0x00000226543f5d10 JavaThread "Monitor Ctrl-Break"         daemon [_thread_in_native, id=3656, stack(0x0000005d2da00000,0x0000005d2db00000) (1024K)]
  0x00000226543f6450 JavaThread "Notification Thread"        daemon [_thread_blocked, id=26368, stack(0x0000005d2db00000,0x0000005d2dc00000) (1024K)]
  0x0000022656284390 JavaThread "ForkJoinPool.commonPool-worker-1" daemon [_thread_blocked, id=36088, stack(0x0000005d2e900000,0x0000005d2ea00000) (1024K)]
  0x000002265528a830 JavaThread "HttpClient-1-SelectorManager" daemon [_thread_in_native, id=39396, stack(0x0000005d2ea00000,0x0000005d2eb00000) (1024K)]
  0x00000226569c5ac0 JavaThread "External Process Output Forwarder - C:\Users\user\.cache\selenium\chromedriver\win64\142.0.7444.175\chromedriver.exe" daemon [_thread_in_native, id=3336, stack(0x0000005d2eb00000,0x0000005d2ec00000) (1024K)]
  0x00000226569c3d80 JavaThread "Driver Service Executor"    daemon [_thread_blocked, id=22012, stack(0x0000005d2ec00000,0x0000005d2ed00000) (1024K)]
  0x00000226569c44d0 JavaThread "Driver Service Executor"    daemon [_thread_in_native, id=5196, stack(0x0000005d2ed00000,0x0000005d2ee00000) (1024K)]
  0x00000226569c4c20 JavaThread "UrlChecker-2"               daemon [_thread_blocked, id=30632, stack(0x0000005d2ee00000,0x0000005d2ef00000) (1024K)]
  0x00000226569c5370 JavaThread "Keep-Alive-Timer"           daemon [_thread_blocked, id=41684, stack(0x0000005d2ef00000,0x0000005d2f000000) (1024K)]
  0x00000226569c2ee0 JavaThread "JdkHttpClient-0-0"          daemon [_thread_blocked, id=34352, stack(0x0000005d2f000000,0x0000005d2f100000) (1024K)]
  0x00000226569c7f50 JavaThread "CompletableFutureDelayScheduler" daemon [_thread_blocked, id=18824, stack(0x0000005d2f100000,0x0000005d2f200000) (1024K)]
  0x00000226569c70b0 JavaThread "JdkHttpClient-0-1"          daemon [_thread_blocked, id=46272, stack(0x0000005d2f200000,0x0000005d2f300000) (1024K)]
  0x00000226569c86a0 JavaThread "JdkHttpClient-0-2"          daemon [_thread_blocked, id=35368, stack(0x0000005d2f300000,0x0000005d2f400000) (1024K)]
  0x00000226569c6960 JavaThread "JdkHttpClient-0-3"          daemon [_thread_blocked, id=20372, stack(0x0000005d2f400000,0x0000005d2f500000) (1024K)]
  0x00000226569ca3e0 JavaThread "HttpClient-2-SelectorManager" daemon [_thread_blocked, id=12748, stack(0x0000005d2f700000,0x0000005d2f800000) (1024K)]
  0x0000022656fc49d0 JavaThread "JdkHttpClient-1-0"          daemon [_thread_blocked, id=20072, stack(0x0000005d2f800000,0x0000005d2f900000) (1024K)]
  0x0000022656fc2540 JavaThread "JdkHttpClient-1-1"          daemon [_thread_blocked, id=35108, stack(0x0000005d2f900000,0x0000005d2fa00000) (1024K)]
  0x0000022656fc2c90 JavaThread "JdkHttpClient-1-2"          daemon [_thread_blocked, id=34560, stack(0x0000005d2fa00000,0x0000005d2fb00000) (1024K)]
  0x0000022656fc1df0 JavaThread "JdkHttpClient-1-3"          daemon [_thread_blocked, id=36520, stack(0x0000005d2fb00000,0x0000005d2fc00000) (1024K)]
Total: 33

Other Threads:
  0x00000226790e3e50 VMThread "VM Thread"                           [id=16964, stack(0x0000005d2cb00000,0x0000005d2cc00000) (1024K)]
  0x0000022678fb2d90 WatcherThread "VM Periodic Task Thread"        [id=35880, stack(0x0000005d2ca00000,0x0000005d2cb00000) (1024K)]
  0x0000022668b43f80 WorkerThread "GC Thread#0"                     [id=12724, stack(0x0000005d2c500000,0x0000005d2c600000) (1024K)]
  0x00000226554f6e30 WorkerThread "GC Thread#1"                     [id=46924, stack(0x0000005d2dc00000,0x0000005d2dd00000) (1024K)]
  0x00000226554f7940 WorkerThread "GC Thread#2"                     [id=27516, stack(0x0000005d2dd00000,0x0000005d2de00000) (1024K)]
=>0x00000226554f6320 WorkerThread "GC Thread#3"                     [id=15292, stack(0x0000005d2de00000,0x0000005d2df00000) (1024K)]
  0x00000226554f66d0 WorkerThread "GC Thread#4"                     [id=41868, stack(0x0000005d2df00000,0x0000005d2e000000) (1024K)]
  0x00000226554f5f70 WorkerThread "GC Thread#5"                     [id=44584, stack(0x0000005d2e000000,0x0000005d2e100000) (1024K)]
  0x00000226554f6a80 WorkerThread "GC Thread#6"                     [id=4524, stack(0x0000005d2e100000,0x0000005d2e200000) (1024K)]
  0x00000226554f71e0 WorkerThread "GC Thread#7"                     [id=8528, stack(0x0000005d2e200000,0x0000005d2e300000) (1024K)]
  0x00000226556e2340 WorkerThread "GC Thread#8"                     [id=38168, stack(0x0000005d2d700000,0x0000005d2d800000) (1024K)]
  0x00000226556e1be0 WorkerThread "GC Thread#9"                     [id=46400, stack(0x0000005d2e300000,0x0000005d2e400000) (1024K)]
  0x00000226556e26f0 WorkerThread "GC Thread#10"                    [id=27532, stack(0x0000005d2e400000,0x0000005d2e500000) (1024K)]
  0x00000226556e1830 WorkerThread "GC Thread#11"                    [id=20052, stack(0x0000005d2e600000,0x0000005d2e700000) (1024K)]
  0x0000022668b5a180 ConcurrentGCThread "G1 Main Marker"            [id=41776, stack(0x0000005d2c600000,0x0000005d2c700000) (1024K)]
  0x0000022668b5b340 WorkerThread "G1 Conc#0"                       [id=29848, stack(0x0000005d2c700000,0x0000005d2c800000) (1024K)]
  0x00000226556e2aa0 WorkerThread "G1 Conc#1"                       [id=27060, stack(0x0000005d2e700000,0x0000005d2e800000) (1024K)]
  0x00000226556e3200 WorkerThread "G1 Conc#2"                       [id=19204, stack(0x0000005d2e800000,0x0000005d2e900000) (1024K)]
  0x0000022678f8fff0 ConcurrentGCThread "G1 Refine#0"               [id=35016, stack(0x0000005d2c800000,0x0000005d2c900000) (1024K)]
  0x0000022678f92940 ConcurrentGCThread "G1 Service"                [id=40312, stack(0x0000005d2c900000,0x0000005d2ca00000) (1024K)]
Total: 20

Threads with active compile tasks:
Total: 0

VM state: at safepoint (normal execution)

VM Mutex/Monitor currently owned by a thread:  ([mutex/lock_event])
[0x00007ffc8df81fb0] FreeList_lock - owner thread: 0x00000226554f6320
[0x00007ffc8df844b0] Threads_lock - owner thread: 0x00000226790e3e50
[0x00007ffc8df845b0] Heap_lock - owner thread: 0x0000022666622980

Heap address: 0x0000000703800000, size: 4040 MB, Compressed Oops mode: Zero based, Oop shift amount: 3

CDS archive(s) mapped at: [0x000002260f000000-0x000002260fd40000-0x000002260fd40000), size 13893632, SharedBaseAddress: 0x000002260f000000, ArchiveRelocationMode: 1.
Compressed class space mapped at: 0x0000022610000000-0x0000022650000000, reserved size: 1073741824
UseCompressedClassPointers 1, UseCompactObjectHeaders 0
Narrow klass pointer bits 32, Max shift 3
Narrow klass base: 0x000002260f000000, Narrow klass shift: 0
Encoding Range: [0x000002260f000000 - 0x000002270f000000), (4294967296 bytes)
Klass Range:    [0x000002260f000000 - 0x0000022650000000), (1090519040 bytes)
Klass ID Range:  [8 - 1090519033) (1090519025)

GC Precious Log:
 CardTable entry size: 512
 Card Set container configuration: InlinePtr #cards 4 size 8 Array Of Cards #cards 16 size 48 Howl #buckets 8 coarsen threshold 3686 Howl Bitmap #cards 512 size 80 coarsen threshold 460 Card regions per heap region 1 cards per card region 4096
 CPUs: 16 total, 16 available
 Memory: 16158M
 Large Page Support: Disabled
 NUMA Support: Disabled
 Compressed Oops: Enabled (Zero based)
 Heap Region Size: 2M
 Heap Min Capacity: 8M
 Heap Initial Capacity: 254M
 Heap Max Capacity: 4040M
 Pre-touch: Disabled
 Parallel Workers: 13
 Concurrent Workers: 3
 Concurrent Refinement Workers: 13
 Periodic GC: Disabled

Heap:
 garbage-first heap   total reserved 4136960K, committed 65536K, used 59242K [0x0000000703800000, 0x0000000800000000)
  region size 2048K, 22 young (45056K), 1 survivors (2048K)
 Metaspace       used 26618K, committed 27008K, reserved 1114112K
  class space    used 2567K, committed 2752K, reserved 1048576K

Heap Regions: E=young(eden), S=young(survivor), O=old, HS=humongous(starts), HC=humongous(continues), CS=collection set, F=free, TAMS=top-at-mark-start, PB=parsable bottom
|   0|0x0000000703800000, 0x000000070398dbb0, 0x0000000703a00000| 77%| O|  |TAMS 0x0000000703800000| PB 0x0000000703800000| Untracked |  0
|   1|0x0000000703a00000, 0x0000000703c00000, 0x0000000703c00000|100%| E|CS|TAMS 0x0000000703a00000| PB 0x0000000703a00000| Complete |  0
|   2|0x0000000703c00000, 0x0000000703e00000, 0x0000000703e00000|100%| E|CS|TAMS 0x0000000703c00000| PB 0x0000000703c00000| Complete |  0
|   3|0x0000000703e00000, 0x0000000704000000, 0x0000000704000000|100%| E|CS|TAMS 0x0000000703e00000| PB 0x0000000703e00000| Complete |  0
|   4|0x0000000704000000, 0x0000000704200000, 0x0000000704200000|100%| E|CS|TAMS 0x0000000704000000| PB 0x0000000704000000| Complete |  0
|   5|0x0000000704200000, 0x0000000704400000, 0x0000000704400000|100%| E|CS|TAMS 0x0000000704200000| PB 0x0000000704200000| Complete |  0
|   6|0x0000000704400000, 0x0000000704600000, 0x0000000704600000|100%| E|CS|TAMS 0x0000000704400000| PB 0x0000000704400000| Complete |  0
|   7|0x0000000704600000, 0x0000000704800000, 0x0000000704800000|100%| E|CS|TAMS 0x0000000704600000| PB 0x0000000704600000| Complete |  0
|   8|0x0000000704800000, 0x0000000704a00000, 0x0000000704a00000|100%| E|CS|TAMS 0x0000000704800000| PB 0x0000000704800000| Complete |  0
|   9|0x0000000704a00000, 0x0000000704c00000, 0x0000000704c00000|100%| E|CS|TAMS 0x0000000704a00000| PB 0x0000000704a00000| Complete |  0
|  10|0x0000000704c00000, 0x0000000704e00000, 0x0000000704e00000|100%| E|CS|TAMS 0x0000000704c00000| PB 0x0000000704c00000| Complete |  0
|  11|0x0000000704e00000, 0x0000000705000000, 0x0000000705000000|100%| E|CS|TAMS 0x0000000704e00000| PB 0x0000000704e00000| Complete |  0
|  12|0x0000000705000000, 0x0000000705200000, 0x0000000705200000|100%| E|CS|TAMS 0x0000000705000000| PB 0x0000000705000000| Complete |  0
|  13|0x0000000705200000, 0x0000000705400000, 0x0000000705400000|100%| E|CS|TAMS 0x0000000705200000| PB 0x0000000705200000| Complete |  0
|  14|0x0000000705400000, 0x0000000705600000, 0x0000000705600000|100%| E|CS|TAMS 0x0000000705400000| PB 0x0000000705400000| Complete |  0
|  15|0x0000000705600000, 0x0000000705800000, 0x0000000705800000|100%| E|CS|TAMS 0x0000000705600000| PB 0x0000000705600000| Complete |  0
|  16|0x0000000705800000, 0x0000000705a00000, 0x0000000705a00000|100%| E|CS|TAMS 0x0000000705800000| PB 0x0000000705800000| Complete |  0
|  17|0x0000000705a00000, 0x0000000705c00000, 0x0000000705c00000|100%| E|CS|TAMS 0x0000000705a00000| PB 0x0000000705a00000| Complete |  0
|  18|0x0000000705c00000, 0x0000000705e00000, 0x0000000705e00000|100%| E|CS|TAMS 0x0000000705c00000| PB 0x0000000705c00000| Complete |  0
|  19|0x0000000705e00000, 0x0000000706000000, 0x0000000706000000|100%| E|CS|TAMS 0x0000000705e00000| PB 0x0000000705e00000| Complete |  0
|  20|0x0000000706000000, 0x0000000706200000, 0x0000000706200000|100%| E|CS|TAMS 0x0000000706000000| PB 0x0000000706000000| Complete |  0
|  21|0x0000000706200000, 0x00000007063cc200, 0x0000000706400000| 89%| S|  |TAMS 0x0000000706200000| PB 0x0000000706200000| Complete |  0
|  95|0x000000070f600000, 0x000000070f72fb60, 0x000000070f800000| 59%| E|CS|TAMS 0x000000070f600000| PB 0x000000070f600000| Complete |  0
|  96|0x000000070f800000, 0x000000070fa00000, 0x000000070fa00000|100%| E|CS|TAMS 0x000000070f800000| PB 0x000000070f800000| Complete |  0
|  97|0x000000070fa00000, 0x000000070fc00000, 0x000000070fc00000|100%| E|CS|TAMS 0x000000070fa00000| PB 0x000000070fa00000| Complete |  0
|  98|0x000000070fc00000, 0x000000070fe00000, 0x000000070fe00000|100%| E|CS|TAMS 0x000000070fc00000| PB 0x000000070fc00000| Complete |  0
|  99|0x000000070fe00000, 0x0000000710000000, 0x0000000710000000|100%| E|CS|TAMS 0x000000070fe00000| PB 0x000000070fe00000| Complete |  0
| 103|0x0000000710600000, 0x0000000710800000, 0x0000000710800000|100%| E|CS|TAMS 0x0000000710600000| PB 0x0000000710600000| Complete |  0
| 104|0x0000000710800000, 0x0000000710a00000, 0x0000000710a00000|100%| E|CS|TAMS 0x0000000710800000| PB 0x0000000710800000| Complete |  0
| 126|0x0000000713400000, 0x0000000713600000, 0x0000000713600000|100%| E|CS|TAMS 0x0000000713400000| PB 0x0000000713400000| Complete |  0
|2018|0x00000007ffc00000, 0x00000007ffe00000, 0x00000007ffe00000|100%| O|  |TAMS 0x00000007ffc00000| PB 0x00000007ffc00000| Untracked |  0
|2019|0x00000007ffe00000, 0x00000007fff1d1c0, 0x0000000800000000| 55%| O|Cm|TAMS 0x00000007ffe00000| PB 0x00000007ffe00000| Complete |  0

Card table byte_map: [0x0000022672500000,0x0000022672cf0000] _byte_map_base: 0x000002266ece4000

Marking Bits: (CMBitMap*) 0x0000022668b44db0
 Bits: [0x0000022672cf0000, 0x0000022676c10000)

Polling page: 0x0000022666880000

Metaspace:

Usage:
  Non-class:     23.49 MB used.
      Class:      2.51 MB used.
       Both:     25.99 MB used.

Virtual space:
  Non-class space:       64.00 MB reserved,      23.69 MB ( 37%) committed,  1 nodes.
      Class space:        1.00 GB reserved,       2.69 MB ( <1%) committed,  1 nodes.
             Both:        1.06 GB reserved,      26.38 MB (  2%) committed. 

Chunk freelists:
   Non-Class:  7.55 MB
       Class:  13.23 MB
        Both:  20.77 MB

MaxMetaspaceSize: unlimited
CompressedClassSpaceSize: 1.00 GB
Initial GC threshold: 21.00 MB
Current GC threshold: 35.12 MB
CDS: on
 - commit_granule_bytes: 65536.
 - commit_granule_words: 8192.
 - virtual_space_node_default_size: 8388608.
 - enlarge_chunks_in_place: 1.
UseCompressedClassPointers 1, UseCompactObjectHeaders 0
Narrow klass pointer bits 32, Max shift 3
Narrow klass base: 0x000002260f000000, Narrow klass shift: 0
Encoding Range: [0x000002260f000000 - 0x000002270f000000), (4294967296 bytes)
Klass Range:    [0x000002260f000000 - 0x0000022650000000), (1090519040 bytes)
Klass ID Range:  [8 - 1090519033) (1090519025)


Internal statistics:

num_allocs_failed_limit: 3.
num_arena_births: 336.
num_arena_deaths: 0.
num_vsnodes_births: 2.
num_vsnodes_deaths: 0.
num_space_committed: 422.
num_space_uncommitted: 0.
num_chunks_returned_to_freelist: 3.
num_chunks_taken_from_freelist: 856.
num_chunk_merges: 3.
num_chunk_splits: 507.
num_chunks_enlarged: 321.
num_inconsistent_stats: 0.

CodeHeap 'non-profiled nmethods': size=119232Kb used=1330Kb max_used=1330Kb free=117901Kb
 bounds [0x0000022607b90000, 0x0000022607e00000, 0x000002260f000000]
CodeHeap 'profiled nmethods': size=119104Kb used=6828Kb max_used=6828Kb free=112276Kb
 bounds [0x0000022600000000, 0x00000226006b0000, 0x0000022607450000]
CodeHeap 'non-nmethods': size=7424Kb used=3145Kb max_used=3210Kb free=4278Kb
 bounds [0x0000022607450000, 0x0000022607780000, 0x0000022607b90000]
CodeCache: size=245760Kb, used=11303Kb, max_used=11368Kb, free=234455Kb
 total_blobs=4458, nmethods=3839, adapters=521, full_count=0
Compilation: enabled, stopped_count=0, restarted_count=0

Compilation events (20 events):
Event: 3.831 Thread 0x000002265402c2d0 nmethod 3830 0x00000226006a8388 code [0x00000226006a84e0, 0x00000226006a89a8]
Event: 3.831 Thread 0x0000022654028de0 nmethod 3828 0x00000226006a8a08 code [0x00000226006a8b60, 0x00000226006a9138]
Event: 3.832 Thread 0x000002265402c2d0 3831       3       java.util.ArrayDeque::getFirst (26 bytes)
Event: 3.832 Thread 0x000002265402c2d0 nmethod 3831 0x00000226006a9188 code [0x00000226006a92c0, 0x00000226006a9560]
Event: 3.837 Thread 0x000002265402c2d0 3834       1       sun.nio.ch.SelectionKeyImpl::nioReadyOps (5 bytes)
Event: 3.837 Thread 0x000002265402c2d0 nmethod 3834 0x0000022607cdbe08 code [0x0000022607cdbf00, 0x0000022607cdbfc8]
Event: 3.837 Thread 0x000002265402c2d0 3835       1       java.lang.Long::longValue (5 bytes)
Event: 3.837 Thread 0x000002265402c2d0 nmethod 3835 0x0000022607cdc108 code [0x0000022607cdc200, 0x0000022607cdc2c8]
Event: 3.837 Thread 0x000002265401d7c0 3836       4       java.util.ArrayList::<init> (12 bytes)
Event: 3.838 Thread 0x000002265401d7c0 nmethod 3836 0x0000022607cdc408 code [0x0000022607cdc500, 0x0000022607cdc688]
Event: 3.838 Thread 0x0000022654028de0 3837       3       java.lang.AbstractStringBuilder::<init> (63 bytes)
Event: 3.838 Thread 0x000002265402c2d0 3838       3       java.lang.Class::getDeclaredMethod (42 bytes)
Event: 3.838 Thread 0x000002265402a490 3839       3       java.lang.StringBuilder::<init> (6 bytes)
Event: 3.838 Thread 0x000002265402a490 nmethod 3839 0x00000226006a9588 code [0x00000226006a96a0, 0x00000226006a97d0]
Event: 3.838 Thread 0x0000022654028de0 nmethod 3837 0x00000226006a9888 code [0x00000226006a9a00, 0x00000226006aa1e8]
Event: 3.838 Thread 0x000002265402c2d0 nmethod 3838 0x00000226006aa288 code [0x00000226006aa440, 0x00000226006aabb0]
Event: 3.838 Thread 0x000002265402c2d0 3840       1       com.intellij.rt.debugger.agent.CaptureStorage$ConcurrentIdentityWeakHashMap$HardKey::get (5 bytes)
Event: 3.838 Thread 0x000002265402c2d0 nmethod 3840 0x0000022607cdc708 code [0x0000022607cdc800, 0x0000022607cdc8c8]
Event: 3.838 Thread 0x000002265402bb40 3841       3       jdk.internal.net.http.Http1Exchange::hasOutgoing (16 bytes)
Event: 3.838 Thread 0x000002265402bb40 nmethod 3841 0x00000226006aac08 code [0x00000226006aad40, 0x00000226006aaf98]

GC Heap History (5 events):
Event: 0.858 GC heap before
{Heap before GC invocations=0 (full 0):
 garbage-first heap   total reserved 4136960K, committed 262144K, used 48244K [0x0000000703800000, 0x0000000800000000)
  region size 2048K, 24 young (49152K), 0 survivors (0K)
 Metaspace       used 13582K, committed 13824K, reserved 1114112K
  class space    used 1128K, committed 1280K, reserved 1048576K
}
Event: 0.862 GC heap after
{Heap after GC invocations=1 (full 0):
 garbage-first heap   total reserved 4136960K, committed 262144K, used 8875K [0x0000000703800000, 0x0000000800000000)
  region size 2048K, 3 young (6144K), 3 survivors (6144K)
 Metaspace       used 13582K, committed 13824K, reserved 1114112K
  class space    used 1128K, committed 1280K, reserved 1048576K
}
Event: 1.714 GC heap before
{Heap before GC invocations=1 (full 0):
 garbage-first heap   total reserved 4136960K, committed 262144K, used 51883K [0x0000000703800000, 0x0000000800000000)
  region size 2048K, 25 young (51200K), 3 survivors (6144K)
 Metaspace       used 21246K, committed 21504K, reserved 1114112K
  class space    used 1885K, committed 1984K, reserved 1048576K
}
Event: 1.721 GC heap after
{Heap after GC invocations=2 (full 0):
 garbage-first heap   total reserved 4136960K, committed 262144K, used 16234K [0x0000000703800000, 0x0000000800000000)
  region size 2048K, 7 young (14336K), 7 survivors (14336K)
 Metaspace       used 21246K, committed 21504K, reserved 1114112K
  class space    used 1885K, committed 1984K, reserved 1048576K
}
Event: 3.866 GC heap before
{Heap before GC invocations=3 (full 0):
 garbage-first heap   total reserved 4136960K, committed 61440K, used 59242K [0x0000000703800000, 0x0000000800000000)
  region size 2048K, 28 young (57344K), 7 survivors (14336K)
 Metaspace       used 26618K, committed 27008K, reserved 1114112K
  class space    used 2567K, committed 2752K, reserved 1048576K
}

Dll operation events (13 events):
Event: 0.016 Loaded shared library C:\Program Files\Java\jdk-24\bin\java.dll
Event: 0.017 Loaded shared library C:\Program Files\Java\jdk-24\bin\zip.dll
Event: 0.039 Loaded shared library C:\Program Files\Java\jdk-24\bin\jsvml.dll
Event: 0.103 Loaded shared library C:\Program Files\Java\jdk-24\bin\instrument.dll
Event: 0.139 Loaded shared library C:\Program Files\Java\jdk-24\bin\net.dll
Event: 0.140 Loaded shared library C:\Program Files\Java\jdk-24\bin\nio.dll
Event: 0.147 Loaded shared library C:\Program Files\Java\jdk-24\bin\zip.dll
Event: 0.160 Loaded shared library C:\Program Files\Java\jdk-24\bin\extnet.dll
Event: 0.212 Loaded shared library C:\Program Files\Java\jdk-24\bin\verify.dll
Event: 0.217 Loaded shared library C:\Program Files\Java\jdk-24\bin\jimage.dll
Event: 1.250 Loaded shared library C:\Program Files\Java\jdk-24\bin\sunmscapi.dll
Event: 1.759 Loaded shared library C:\Program Files\Java\jdk-24\bin\management.dll
Event: 1.760 Loaded shared library C:\Program Files\Java\jdk-24\bin\management_ext.dll

Deoptimization events (20 events):
Event: 2.505 Thread 0x0000022666622980 Uncommon trap: trap_request=0xffffff6e fr.pc=0x0000022607c7d0f8 relative=0x0000000000000278
Event: 2.505 Thread 0x0000022666622980 Uncommon trap: reason=loop_limit_check action=maybe_recompile pc=0x0000022607c7d0f8 method=java.math.BigInteger.implMulAdd([I[IIII)I @ 26 c2
Event: 2.505 Thread 0x0000022666622980 DEOPT PACKING pc=0x0000022607c7d0f8 sp=0x0000005d2c4fae00
Event: 2.505 Thread 0x0000022666622980 DEOPT UNPACKING pc=0x0000022607566002 sp=0x0000005d2c4fad50 mode 2
Event: 2.604 Thread 0x0000022666622980 Uncommon trap: trap_request=0xffffff66 fr.pc=0x0000022607c849e0 relative=0x0000000000000500
Event: 2.604 Thread 0x0000022666622980 Uncommon trap: reason=speculate_class_check action=maybe_recompile pc=0x0000022607c849e0 method=java.lang.String.<init>(Ljava/lang/AbstractStringBuilder;Ljava/lang/Void;)V @ 10 c2
Event: 2.604 Thread 0x0000022666622980 DEOPT PACKING pc=0x0000022607c849e0 sp=0x0000005d2c4fd870
Event: 2.605 Thread 0x0000022666622980 DEOPT UNPACKING pc=0x0000022607566002 sp=0x0000005d2c4fd840 mode 2
Event: 2.614 Thread 0x0000022666622980 Uncommon trap: trap_request=0xffffff66 fr.pc=0x0000022607c849e0 relative=0x0000000000000500
Event: 2.614 Thread 0x0000022666622980 Uncommon trap: reason=speculate_class_check action=maybe_recompile pc=0x0000022607c849e0 method=java.lang.String.<init>(Ljava/lang/AbstractStringBuilder;Ljava/lang/Void;)V @ 10 c2
Event: 2.614 Thread 0x0000022666622980 DEOPT PACKING pc=0x0000022607c849e0 sp=0x0000005d2c4fd940
Event: 2.614 Thread 0x0000022666622980 DEOPT UNPACKING pc=0x0000022607566002 sp=0x0000005d2c4fd910 mode 2
Event: 2.640 Thread 0x0000022666622980 Uncommon trap: trap_request=0xffffff66 fr.pc=0x0000022607c849e0 relative=0x0000000000000500
Event: 2.640 Thread 0x0000022666622980 Uncommon trap: reason=speculate_class_check action=maybe_recompile pc=0x0000022607c849e0 method=java.lang.String.<init>(Ljava/lang/AbstractStringBuilder;Ljava/lang/Void;)V @ 10 c2
Event: 2.640 Thread 0x0000022666622980 DEOPT PACKING pc=0x0000022607c849e0 sp=0x0000005d2c4fd940
Event: 2.640 Thread 0x0000022666622980 DEOPT UNPACKING pc=0x0000022607566002 sp=0x0000005d2c4fd910 mode 2
Event: 3.087 Thread 0x0000022666622980 Uncommon trap: trap_request=0xffffff66 fr.pc=0x0000022607c849e0 relative=0x0000000000000500
Event: 3.087 Thread 0x0000022666622980 Uncommon trap: reason=speculate_class_check action=maybe_recompile pc=0x0000022607c849e0 method=java.lang.String.<init>(Ljava/lang/AbstractStringBuilder;Ljava/lang/Void;)V @ 10 c2
Event: 3.087 Thread 0x0000022666622980 DEOPT PACKING pc=0x0000022607c849e0 sp=0x0000005d2c4fd7c0
Event: 3.087 Thread 0x0000022666622980 DEOPT UNPACKING pc=0x0000022607566002 sp=0x0000005d2c4fd790 mode 2

Classes loaded (20 events):
Event: 3.123 Loading class java/net/URLEncoder
Event: 3.124 Loading class java/net/URLEncoder done
Event: 3.124 Loading class jdk/internal/util/ImmutableBitSetPredicate
Event: 3.124 Loading class jdk/internal/util/ImmutableBitSetPredicate done
Event: 3.124 Loading class jdk/internal/util/ImmutableBitSetPredicate$SmallImmutableBitSetPredicate
Event: 3.124 Loading class jdk/internal/util/ImmutableBitSetPredicate$SmallImmutableBitSetPredicate done
Event: 3.548 Loading class org/openqa/selenium/support/ui/ExpectedConditions$6
Event: 3.548 Loading class org/openqa/selenium/support/ui/ExpectedConditions$6 done
Event: 3.564 Loading class org/openqa/selenium/remote/CommandPayload
Event: 3.564 Loading class org/openqa/selenium/remote/CommandPayload done
Event: 3.576 Loading class org/openqa/selenium/remote/ElementLocation$ElementFinder$2
Event: 3.576 Loading class org/openqa/selenium/remote/ElementLocation$ElementFinder$2 done
Event: 3.576 Loading class org/openqa/selenium/remote/RemoteWebDriver
Event: 3.576 Loading class org/openqa/selenium/remote/RemoteWebDriver done
Event: 3.576 Loading class org/openqa/selenium/WebElement
Event: 3.576 Loading class org/openqa/selenium/WebElement done
Event: 3.584 Loading class org/openqa/selenium/remote/FileDetector
Event: 3.584 Loading class org/openqa/selenium/remote/FileDetector done
Event: 3.584 Loading class org/openqa/selenium/remote/FileDetector
Event: 3.584 Loading class org/openqa/selenium/remote/FileDetector done

Classes unloaded (0 events):
No events

Classes redefined (1 events):
Event: 0.125 Thread 0x00000226790e3e50 redefined class name=java.lang.Throwable, count=1

Internal exceptions (20 events):
Event: 1.808 Thread 0x0000022666622980 Exception <a 'java/lang/NoSuchMethodError'{0x0000000705c232a8}: 'java.lang.Object java.lang.invoke.DelegatingMethodHandle$Holder.delegate(java.lang.Object, int, java.lang.Object, java.lang.Object)'> (0x0000000705c232a8) 
thrown [s\open\src\hotspot\share\interpreter\linkResolver.cpp, line 805]
Event: 1.810 Thread 0x0000022666622980 Exception <a 'java/lang/NoSuchMethodError'{0x0000000705c51138}: 'java.lang.Object java.lang.invoke.DirectMethodHandle$Holder.invokeStatic(java.lang.Object, java.lang.Object, java.lang.Object, java.lang.Object, java.lang.Object, java.lang.Object, java.lang.Object, java.lang.Object)'> (0x0000000705c51138) 
thrown [s\open\src\hotspot\share\interpreter\linkResolver.cpp, line 805]
Event: 1.810 Thread 0x0000022666622980 Exception <a 'java/lang/NoSuchMethodError'{0x0000000705c64780}: 'int java.lang.invoke.Invokers$Holder.linkToTargetMethod(java.lang.Object, java.lang.Object, java.lang.Object)'> (0x0000000705c64780) 
thrown [s\open\src\hotspot\share\interpreter\linkResolver.cpp, line 805]
Event: 1.845 Thread 0x0000022666622980 Exception <a 'java/lang/NoSuchMethodError'{0x000000070562dd00}: 'java.lang.Object java.lang.invoke.DirectMethodHandle$Holder.invokeInterface(java.lang.Object, java.lang.Object, java.lang.Object)'> (0x000000070562dd00) 
thrown [s\open\src\hotspot\share\interpreter\linkResolver.cpp, line 805]
Event: 1.845 Thread 0x0000022666622980 Exception <a 'java/lang/IncompatibleClassChangeError'{0x0000000705635d78}: Found class java.lang.Object, but interface was expected> (0x0000000705635d78) 
thrown [s\open\src\hotspot\share\interpreter\linkResolver.cpp, line 872]
Event: 1.846 Thread 0x0000022666622980 Exception <a 'java/lang/NoSuchMethodError'{0x000000070564d820}: 'int java.lang.invoke.DirectMethodHandle$Holder.invokeSpecialIFC(java.lang.Object, java.lang.Object, java.lang.Object, java.lang.Object)'> (0x000000070564d820) 
thrown [s\open\src\hotspot\share\interpreter\linkResolver.cpp, line 805]
Event: 1.874 Thread 0x00000226569c4c20 Exception <a 'java/net/ConnectException'{0x00000007054aa5b8}: Connection refused: getsockopt> (0x00000007054aa5b8) 
thrown [s\open\src\hotspot\share\prims\jni.cpp, line 536]
Event: 1.895 Thread 0x0000022666622980 Exception <a 'java/lang/NoSuchMethodError'{0x00000007055bcd58}: 'double java.lang.invoke.DirectMethodHandle$Holder.invokeVirtual(java.lang.Object, java.lang.Object)'> (0x00000007055bcd58) 
thrown [s\open\src\hotspot\share\interpreter\linkResolver.cpp, line 805]
Event: 1.895 Thread 0x0000022666622980 Exception <a 'java/lang/NoSuchMethodError'{0x00000007055cc828}: 'float java.lang.invoke.DirectMethodHandle$Holder.invokeVirtual(java.lang.Object, java.lang.Object)'> (0x00000007055cc828) 
thrown [s\open\src\hotspot\share\interpreter\linkResolver.cpp, line 805]
Event: 1.897 Thread 0x0000022666622980 Exception <a 'java/lang/NoSuchMethodError'{0x00000007055e34e0}: 'long java.lang.invoke.DirectMethodHandle$Holder.invokeVirtual(java.lang.Object, java.lang.Object)'> (0x00000007055e34e0) 
thrown [s\open\src\hotspot\share\interpreter\linkResolver.cpp, line 805]
Event: 1.912 Thread 0x0000022666622980 Exception <a 'java/lang/NoSuchMethodError'{0x0000000705021518}: 'java.lang.Object java.lang.invoke.DirectMethodHandle$Holder.newInvokeSpecial(java.lang.Object, java.lang.Object, int, int)'> (0x0000000705021518) 
thrown [s\open\src\hotspot\share\interpreter\linkResolver.cpp, line 805]
Event: 1.914 Thread 0x0000022666622980 Exception <a 'java/lang/NoSuchMethodError'{0x000000070503ca88}: 'void java.lang.invoke.DirectMethodHandle$Holder.invokeStatic(java.lang.Object, java.lang.Object, int)'> (0x000000070503ca88) 
thrown [s\open\src\hotspot\share\interpreter\linkResolver.cpp, line 805]
Event: 1.941 Thread 0x00000226569c2ee0 Exception <a 'java/lang/NoSuchMethodError'{0x0000000704f9e9d8}: 'java.lang.Object java.lang.invoke.DirectMethodHandle$Holder.invokeSpecial(java.lang.Object, java.lang.Object, java.lang.Object, java.lang.Object, java.lang.Object, int)'> (0x0000000704f9e9d8) 
thrown [s\open\src\hotspot\share\interpreter\linkResolver.cpp, line 805]
Event: 1.951 Thread 0x00000226569c2ee0 Exception <a 'java/lang/NoSuchMethodError'{0x0000000704c7ce90}: 'void java.lang.invoke.DirectMethodHandle$Holder.invokeSpecial(java.lang.Object, java.lang.Object, java.lang.Object, java.lang.Object, java.lang.Object)'> (0x0000000704c7ce90) 
thrown [s\open\src\hotspot\share\interpreter\linkResolver.cpp, line 805]
Event: 1.955 Thread 0x00000226569c2ee0 Exception <a 'java/lang/NoSuchMethodError'{0x0000000704cd5098}: 'long java.lang.invoke.DirectMethodHandle$Holder.invokeStatic(java.lang.Object, long, long)'> (0x0000000704cd5098) 
thrown [s\open\src\hotspot\share\interpreter\linkResolver.cpp, line 805]
Event: 1.957 Thread 0x000002265528a830 Exception <a 'java/lang/NoSuchMethodError'{0x0000000705913278}: 'int java.lang.invoke.DirectMethodHandle$Holder.invokeStatic(java.lang.Object, int, java.lang.Object)'> (0x0000000705913278) 
thrown [s\open\src\hotspot\share\interpreter\linkResolver.cpp, line 805]
Event: 1.961 Thread 0x00000226569c70b0 Exception <a 'java/lang/NoSuchMethodError'{0x0000000704d9e6d8}: 'int java.lang.invoke.DirectMethodHandle$Holder.invokeSpecialIFC(java.lang.Object, java.lang.Object, java.lang.Object, java.lang.Object, java.lang.Object)'> (0x0000000704d9e6d8) 
thrown [s\open\src\hotspot\share\interpreter\linkResolver.cpp, line 805]
Event: 2.496 Thread 0x00000226569c70b0 Exception <a 'java/lang/NoSuchMethodError'{0x0000000704bb2c20}: 'void java.lang.invoke.DirectMethodHandle$Holder.invokeSpecial(java.lang.Object, java.lang.Object, java.lang.Object, java.lang.Object, java.lang.Object, java.lang.Object, java.lang.Object)'> (0x0000000704bb2c20) 
thrown [s\open\src\hotspot\share\interpreter\linkResolver.cpp, line 805]
Event: 2.524 Thread 0x0000022666622980 Exception <a 'java/lang/NoSuchMethodError'{0x000000070468ef98}: 'java.lang.Object java.lang.invoke.DirectMethodHandle$Holder.invokeSpecialIFC(java.lang.Object, java.lang.Object, java.lang.Object)'> (0x000000070468ef98) 
thrown [s\open\src\hotspot\share\interpreter\linkResolver.cpp, line 805]
Event: 2.622 Thread 0x0000022666622980 Exception <a 'java/lang/NoSuchMethodError'{0x0000000704187210}: 'void java.lang.invoke.DirectMethodHandle$Holder.invokeStaticInit(java.lang.Object, java.lang.Object)'> (0x0000000704187210) 
thrown [s\open\src\hotspot\share\interpreter\linkResolver.cpp, line 805]

VM Operations (20 events):
Event: 1.461 Executing VM operation: HandshakeAllThreads (Deoptimize) done
Event: 1.464 Executing VM operation: HandshakeAllThreads (Deoptimize)
Event: 1.464 Executing VM operation: HandshakeAllThreads (Deoptimize) done
Event: 1.466 Executing VM operation: HandshakeAllThreads (Deoptimize)
Event: 1.466 Executing VM operation: HandshakeAllThreads (Deoptimize) done
Event: 1.690 Executing VM operation: HandshakeAllThreads (Deoptimize)
Event: 1.690 Executing VM operation: HandshakeAllThreads (Deoptimize) done
Event: 1.714 Executing VM operation: CollectForMetadataAllocation (Metadata GC Threshold)
Event: 1.721 Executing VM operation: CollectForMetadataAllocation (Metadata GC Threshold) done
Event: 1.726 Executing VM operation: G1PauseRemark
Event: 1.728 Executing VM operation: G1PauseRemark done
Event: 1.729 Executing VM operation: G1PauseCleanup
Event: 1.729 Executing VM operation: G1PauseCleanup done
Event: 1.888 Executing VM operation: HandshakeAllThreads (Deoptimize)
Event: 1.888 Executing VM operation: HandshakeAllThreads (Deoptimize) done
Event: 1.888 Executing VM operation: HandshakeAllThreads (Deoptimize)
Event: 1.888 Executing VM operation: HandshakeAllThreads (Deoptimize) done
Event: 2.485 Executing VM operation: HandshakeAllThreads (Deoptimize)
Event: 2.486 Executing VM operation: HandshakeAllThreads (Deoptimize) done
Event: 3.866 Executing VM operation: G1CollectForAllocation (G1 Evacuation Pause)

Memory protections (0 events):
No events

Nmethod flushes (0 events):
No events

Events (20 events):
Event: 1.833 Thread 0x0000022666622980 Thread added: 0x000002265528a830
Event: 1.853 Thread 0x0000022666622980 Thread added: 0x00000226569c5ac0
Event: 1.855 Thread 0x0000022666622980 Thread added: 0x00000226569c3d80
Event: 1.855 Thread 0x0000022666622980 Thread added: 0x00000226569c44d0
Event: 1.859 Thread 0x00000226569c3d80 Thread added: 0x00000226569c4c20
Event: 1.888 Thread 0x00000226569c4c20 Thread added: 0x00000226569c5370
Event: 1.927 Thread 0x0000022666622980 Thread added: 0x00000226569c2ee0
Event: 1.928 Thread 0x0000022666622980 Thread added: 0x00000226569c7f50
Event: 1.960 Thread 0x000002265528a830 Thread added: 0x00000226569c70b0
Event: 1.961 Thread 0x000002265528a830 Thread added: 0x00000226569c86a0
Event: 1.961 Thread 0x000002265528a830 Thread added: 0x00000226569c6960
Event: 2.514 Thread 0x000002265402bb40 Thread added: 0x000002265540b720
Event: 2.514 Thread 0x000002265402bb40 Thread added: 0x000002265540fb30
Event: 2.554 Thread 0x0000022666622980 Thread added: 0x00000226569ca3e0
Event: 2.554 Thread 0x0000022666622980 Thread added: 0x0000022656fc49d0
Event: 2.556 Thread 0x00000226569ca3e0 Thread added: 0x0000022656fc2540
Event: 2.557 Thread 0x00000226569ca3e0 Thread added: 0x0000022656fc2c90
Event: 2.557 Thread 0x00000226569ca3e0 Thread added: 0x0000022656fc1df0
Event: 3.087 Thread 0x000002265540fb30 Thread exited: 0x000002265540fb30
Event: 3.087 Thread 0x000002265540b720 Thread exited: 0x000002265540b720


Dynamic libraries:
0x00007ff6c0b40000 - 0x00007ff6c0b50000 	C:\Program Files\Java\jdk-24\bin\java.exe
0x00007ffd03360000 - 0x00007ffd035c8000 	C:\WINDOWS\SYSTEM32\ntdll.dll
0x00007ffd018a0000 - 0x00007ffd01969000 	C:\WINDOWS\System32\KERNEL32.DLL
0x00007ffd00bd0000 - 0x00007ffd00fc8000 	C:\WINDOWS\System32\KERNELBASE.dll
0x00007ffd00610000 - 0x00007ffd0075b000 	C:\WINDOWS\System32\ucrtbase.dll
0x00007ffce9bb0000 - 0x00007ffce9bc6000 	C:\Program Files\Java\jdk-24\bin\jli.dll
0x00007ffce99c0000 - 0x00007ffce99db000 	C:\Program Files\Java\jdk-24\bin\VCRUNTIME140.dll
0x00007ffd01330000 - 0x00007ffd014f7000 	C:\WINDOWS\System32\USER32.dll
0x00007ffcc5c10000 - 0x00007ffcc5ea4000 	C:\WINDOWS\WinSxS\amd64_microsoft.windows.common-controls_6595b64144ccf1df_6.0.26100.7019_none_3e06ffa0e335b8a8\COMCTL32.dll
0x00007ffd00970000 - 0x00007ffd00997000 	C:\WINDOWS\System32\win32u.dll
0x00007ffd02700000 - 0x00007ffd0272b000 	C:\WINDOWS\System32\GDI32.dll
0x00007ffd01ae0000 - 0x00007ffd01b89000 	C:\WINDOWS\System32\msvcrt.dll
0x00007ffd00fd0000 - 0x00007ffd010fc000 	C:\WINDOWS\System32\gdi32full.dll
0x00007ffd004b0000 - 0x00007ffd00553000 	C:\WINDOWS\System32\msvcp_win.dll
0x00007ffd01b90000 - 0x00007ffd01bc1000 	C:\WINDOWS\System32\IMM32.DLL
0x00007ffcf4090000 - 0x00007ffcf409c000 	C:\Program Files\Java\jdk-24\bin\vcruntime140_1.dll
0x00007ffcc7cc0000 - 0x00007ffcc7d4e000 	C:\Program Files\Java\jdk-24\bin\msvcp140.dll
0x00007ffc8d2c0000 - 0x00007ffc8e062000 	C:\Program Files\Java\jdk-24\bin\server\jvm.dll
0x00007ffd017e0000 - 0x00007ffd01894000 	C:\WINDOWS\System32\ADVAPI32.dll
0x00007ffd02b10000 - 0x00007ffd02bb6000 	C:\WINDOWS\System32\sechost.dll
0x00007ffd025e0000 - 0x00007ffd026f8000 	C:\WINDOWS\System32\RPCRT4.dll
0x00007ffd01760000 - 0x00007ffd017d4000 	C:\WINDOWS\System32\WS2_32.dll
0x00007ffcff440000 - 0x00007ffcff49e000 	C:\WINDOWS\SYSTEM32\POWRPROF.dll
0x00007ffcf2de0000 - 0x00007ffcf2e15000 	C:\WINDOWS\SYSTEM32\WINMM.dll
0x00007ffcf8910000 - 0x00007ffcf891b000 	C:\WINDOWS\SYSTEM32\VERSION.dll
0x00007ffcff420000 - 0x00007ffcff434000 	C:\WINDOWS\SYSTEM32\UMPDC.dll
0x00007ffcff300000 - 0x00007ffcff31b000 	C:\WINDOWS\SYSTEM32\kernel.appcore.dll
0x00007ffce9c30000 - 0x00007ffce9c3a000 	C:\Program Files\Java\jdk-24\bin\jimage.dll
0x00007ffcfdc00000 - 0x00007ffcfde42000 	C:\WINDOWS\SYSTEM32\DBGHELP.DLL
0x00007ffd02070000 - 0x00007ffd023fb000 	C:\WINDOWS\System32\combase.dll
0x00007ffd02730000 - 0x00007ffd02807000 	C:\WINDOWS\System32\OLEAUT32.dll
0x00007ffce9440000 - 0x00007ffce947c000 	C:\WINDOWS\SYSTEM32\dbgcore.DLL
0x00007ffd00560000 - 0x00007ffd00605000 	C:\WINDOWS\System32\bcryptPrimitives.dll
0x00007ffce9860000 - 0x00007ffce986f000 	C:\Program Files\Java\jdk-24\bin\instrument.dll
0x00007ffce98d0000 - 0x00007ffce98ee000 	C:\Program Files\Java\jdk-24\bin\java.dll
0x00007ffd01100000 - 0x00007ffd01297000 	C:\WINDOWS\System32\ole32.dll
0x00007ffd02bc0000 - 0x00007ffd0330f000 	C:\WINDOWS\System32\SHELL32.dll
0x00007ffd00a60000 - 0x00007ffd00bcb000 	C:\WINDOWS\System32\wintypes.dll
0x00007ffce8ff0000 - 0x00007ffce9007000 	C:\Program Files\Java\jdk-24\bin\zip.dll
0x00007ffcfe0f0000 - 0x00007ffcfe94d000 	C:\WINDOWS\SYSTEM32\windows.storage.dll
0x00007ffd01500000 - 0x00007ffd015f2000 	C:\WINDOWS\System32\SHCORE.dll
0x00007ffd02a50000 - 0x00007ffd02ab7000 	C:\WINDOWS\System32\shlwapi.dll
0x00007ffd003d0000 - 0x00007ffd003f9000 	C:\WINDOWS\SYSTEM32\profapi.dll
0x00007ffcc7be0000 - 0x00007ffcc7cb7000 	C:\Program Files\Java\jdk-24\bin\jsvml.dll
0x00007ffce9810000 - 0x00007ffce9820000 	C:\Program Files\Java\jdk-24\bin\net.dll
0x00007ffcff900000 - 0x00007ffcff96b000 	C:\WINDOWS\system32\mswsock.dll
0x00007ffce8f30000 - 0x00007ffce8f46000 	C:\Program Files\Java\jdk-24\bin\nio.dll
0x00007ffce9600000 - 0x00007ffce9609000 	C:\Program Files\Java\jdk-24\bin\extnet.dll
0x00007ffce9060000 - 0x00007ffce9070000 	C:\Program Files\Java\jdk-24\bin\verify.dll
0x00007ffcffbc0000 - 0x00007ffcffbdb000 	C:\WINDOWS\SYSTEM32\CRYPTSP.dll
0x00007ffcff260000 - 0x00007ffcff29a000 	C:\WINDOWS\system32\rsaenh.dll
0x00007ffcff9b0000 - 0x00007ffcff9db000 	C:\WINDOWS\SYSTEM32\USERENV.dll
0x00007ffd003a0000 - 0x00007ffd003ca000 	C:\WINDOWS\SYSTEM32\bcrypt.dll
0x00007ffcffbe0000 - 0x00007ffcffbec000 	C:\WINDOWS\SYSTEM32\CRYPTBASE.dll
0x00007ffcfeda0000 - 0x00007ffcfedd4000 	C:\WINDOWS\SYSTEM32\IPHLPAPI.DLL
0x00007ffd01630000 - 0x00007ffd0163a000 	C:\WINDOWS\System32\NSI.dll
0x00007ffcfee80000 - 0x00007ffcfefac000 	C:\WINDOWS\SYSTEM32\DNSAPI.dll
0x00007ffcf8f90000 - 0x00007ffcf8f9b000 	C:\Windows\System32\rasadhlp.dll
0x00007ffcfa5d0000 - 0x00007ffcfa656000 	C:\WINDOWS\System32\fwpuclnt.dll
0x00007ffce8f20000 - 0x00007ffce8f2e000 	C:\Program Files\Java\jdk-24\bin\sunmscapi.dll
0x00007ffd00760000 - 0x00007ffd008d7000 	C:\WINDOWS\System32\CRYPT32.dll
0x00007ffcffde0000 - 0x00007ffcffe10000 	C:\WINDOWS\SYSTEM32\ncrypt.dll
0x00007ffcffd90000 - 0x00007ffcffdcf000 	C:\WINDOWS\SYSTEM32\NTASN1.dll
0x00007ffce8f10000 - 0x00007ffce8f1a000 	C:\Program Files\Java\jdk-24\bin\management.dll
0x00007ffce8f00000 - 0x00007ffce8f0b000 	C:\Program Files\Java\jdk-24\bin\management_ext.dll
0x00007ffd02060000 - 0x00007ffd02068000 	C:\WINDOWS\System32\PSAPI.DLL
0x00007ffcd3970000 - 0x00007ffcd3978000 	C:\WINDOWS\system32\wshunix.dll

JVMTI agents:
C:\Users\user\AppData\Local\JetBrains\IdeaIC2025.2\captureAgent\debugger-agent.jar path:C:\Program Files\Java\jdk-24\bin\instrument.dll, loaded, initialized, instrumentlib options:file:///C:/Users/user/AppData/Local/Temp/capture11069425784059985104.props
C:\Program Files\JetBrains\IntelliJ IDEA Community Edition 2025.2.3\lib\idea_rt.jar path:C:\Program Files\Java\jdk-24\bin\instrument.dll, loaded, initialized, instrumentlib options:63744

dbghelp: loaded successfully - version: 4.0.5 - missing functions: none
symbol engine: initialized successfully - sym options: 0x614 - pdb path: .;C:\Program Files\Java\jdk-24\bin;C:\WINDOWS\SYSTEM32;C:\WINDOWS\WinSxS\amd64_microsoft.windows.common-controls_6595b64144ccf1df_6.0.26100.7019_none_3e06ffa0e335b8a8;C:\Program Files\Java\jdk-24\bin\server

VM Arguments:
jvm_args: -javaagent:C:\Users\user\AppData\Local\JetBrains\IdeaIC2025.2\captureAgent\debugger-agent.jar=file:///C:/Users/user/AppData/Local/Temp/capture11069425784059985104.props -ea -Didea.test.cyclic.buffer.size=1048576 -javaagent:C:\Program Files\JetBrains\IntelliJ IDEA Community Edition 2025.2.3\lib\idea_rt.jar=63744 -Dkotlinx.coroutines.debug.enable.creation.stack.trace=false -Ddebugger.agent.enable.coroutines=true -Dkotlinx.coroutines.debug.enable.flows.stack.trace=true -Dkotlinx.coroutines.debug.enable.mutable.state.flows.stack.trace=true -Dfile.encoding=UTF-8 -Dsun.stdout.encoding=UTF-8 -Dsun.stderr.encoding=UTF-8 
java_command: com.intellij.rt.testng.RemoteTestNGStarter -usedefaultlisteners false -socket63743 @w@C:\Users\user\AppData\Local\Temp\idea_working_dirs_testng.tmp -temp C:\Users\user\AppData\Local\Temp\idea_testng.tmp
java_class_path (initial): C:\Program Files\JetBrains\IntelliJ IDEA Community Edition 2025.2.3\lib\idea_rt.jar;C:\Program Files\JetBrains\IntelliJ IDEA Community Edition 2025.2.3\plugins\testng\lib\testng-rt.jar;C:\Users\user\OneDrive\Documents\GitHub\GP-for-DEPI\target\test-classes;C:\Users\user\OneDrive\Documents\GitHub\GP-for-DEPI\target\classes;C:\Users\user\.m2\repository\org\seleniumhq\selenium\selenium-java\4.38.0\selenium-java-4.38.0.jar;C:\Users\user\.m2\repository\org\seleniumhq\selenium\selenium-api\4.38.0\selenium-api-4.38.0.jar;C:\Users\user\.m2\repository\org\jspecify\jspecify\1.0.0\jspecify-1.0.0.jar;C:\Users\user\.m2\repository\org\seleniumhq\selenium\selenium-chrome-driver\4.38.0\selenium-chrome-driver-4.38.0.jar;C:\Users\user\.m2\repository\com\google\auto\service\auto-service-annotations\1.1.1\auto-service-annotations-1.1.1.jar;C:\Users\user\.m2\repository\org\seleniumhq\selenium\selenium-chromium-driver\4.38.0\selenium-chromium-driver-4.38.0.jar;C:\Users\user\.m2\repository\org\seleniumhq\selenium\selenium-json\4.38.0\selenium-json-4.38.0.jar;C:\Users\user\.m2\repository\org\seleniumhq\selenium\selenium-manager\4.38.0\selenium-manager-4.38.0.jar;C:\Users\user\.m2\repository\org\seleniumhq\selenium\selenium-devtools-v140\4.38.0\selenium-devtools-v140-4.38.0.jar;C:\Users\user\.m2\repository\org\seleniumhq\selenium\selenium-devtools-v141\4.38.0\selenium-devtools-v141-4.38.0.jar;C:\Users\user\.m2\repository\org\seleniumhq\selenium\selenium-devtools-v142\4.38.0\selenium-devtools-v142-4.38.0.jar;C:\Users\user\.m2\repository\org\seleniumhq\selenium\selenium-edge-driver\4.38.0\selenium-edge-driver-4.38.0.jar;C:\Users\user\.m2\repository\org\seleniumhq\selenium\selenium-firefox-driver\4.38.0\selenium-firefox-driver-4.38.0.jar;C:\Users\user\.m2\repository\org\seleniumhq\selenium\selenium-http\4.38.0\selenium-http-4.38.0.jar;C:\Users\user\.m2\repository\org\seleniumhq\selenium\selenium-ie-driver\4.38.0\selenium-ie-driver-4.38.0.jar;C:\Users\user\.m2\repository\org\seleniumhq\selenium\selenium-remote-driver\4.38.0\selenium-remote-driver-4.38.0.jar;C:\Users\user\.m2\repository\com\google\guava\guava\33.5.0-jre\guava-33.5.0-jre.jar;C:\Users\user\.m2\repository\com\google\guava\failureaccess\1.0.3\failureaccess-1.0.3.jar;C:\Users\user\.m2\repository\com\google\guava\listenablefuture\9999.0-empty-to-avoid-conflict-with-guava\listenablefuture-9999.0-empty-to-avoid-conflict-with-guava.jar;C:\Users\user\.m2\repository\com\google\errorprone\error_prone_annotations\2.41.0\error_prone_annotations-2.41.0.jar;C:\Users\user\.m2\repository\com\google\j2objc\j2objc-annotations\3.1\j2objc-annotations-3.1.jar;C:\Users\user\.m2\repository\io\opentelemetry\opentelemetry-api\1.55.0\opentelemetry-api-1.55.0.jar;C:\Users\user\.m2\repository\io\opentelemetry\opentelemetry-context\1.55.0\opentelemetry-context-1.55.0.jar;C:\Users\user\.m2\repository\io\opentelemetry\opentelemetry-common\1.55.0\opentelemetry-common-1.55.0.jar;C:\Users\user\.m2\repository\io\opentelemetry\opentelemetry-exporter-logging\1.55.0\opentelemetry-exporter-logging-1.55.0.jar;C:\Users\user\.m2\repository\io\opentelemetry\opentelemetry-sdk-common\1.55.0\opentelemetry-sdk-common-1.55.0.jar;C:\Users\user\.m2\repository\io\opentelemetry\opentelemetry-sdk-extension-autoconfigure-spi\1.55.0\opentelemetry-sdk-extension-autoconfigure-spi-1.55.0.jar;C:\Users\user\.m2\repository\io\opentelemetry\opentelemetry-sdk-extension-autoconfigure\1.55.0\opentelemetry-sdk-extension-autoconfigure-1.55.0.jar;C:\Users\user\.m2\repository\io\opentelemetry\opentelemetry-sdk-trace\1.55.0\opentelemetry-sdk-trace-1.55.0.jar;C:\Users\user\.m2\repository\io\opentelemetry\opentelemetry-sdk\1.55.0\opentelemetry-sdk-1.55.0.jar;C:\Users\user\.m2\repository\io\opentelemetry\opentelemetry-sdk-metrics\1.55.0\opentelemetry-sdk-metrics-1.55.0.jar;C:\Users\user\.m2\repository\io\opentelemetry\opentelemetry-sdk-logs\1.55.0\opentelemetry-sdk-logs-1.55.0.jar;C:\Users\user\.m2\repository\net\bytebuddy\byte-buddy\1.17.8\byte-buddy-1.17.8.jar;C:\Users\user\.m2\repository\org\seleniumhq\selenium\selenium-os\4.38.0\selenium-os-4.38.0.jar;C:\Users\user\.m2\repository\org\apache\commons\commons-exec\1.5.0\commons-exec-1.5.0.jar;C:\Users\user\.m2\repository\org\seleniumhq\selenium\selenium-safari-driver\4.38.0\selenium-safari-driver-4.38.0.jar;C:\Users\user\.m2\repository\org\seleniumhq\selenium\selenium-support\4.38.0\selenium-support-4.38.0.jar;C:\Users\user\.m2\repository\org\testng\testng\7.10.2\testng-7.10.2.jar;C:\Users\user\.m2\repository\org\slf4j\slf4j-api\1.7.36\slf4j-api-1.7.36.jar;C:\Users\user\.m2\repository\com\beust\jcommander\1.82\jcommander-1.82.jar;C:\Users\user\.m2\repository\org\webjars\jquery\3.7.1\jquery-3.7.1.jar;C:\Users\user\.m2\repository\io\github\bonigarcia\webdrivermanager\5.8.0\webdrivermanager-5.8.0.jar;C:\Users\user\.m2\repository\com\google\code\gson\gson\2.10.1\gson-2.10.1.jar;C:\Users\user\.m2\repository\com\github\docker-java\docker-java\3.3.6\docker-java-3.3.6.jar;C:\Users\user\.m2\repository\com\github\docker-java\docker-java-core\3.3.6\docker-java-core-3.3.6.jar;C:\Users\user\.m2\repository\com\github\docker-java\docker-java-api\3.3.6\docker-java-api-3.3.6.jar;C:\Users\user\.m2\repository\com\fasterxml\jackson\core\jackson-annotations\2.10.3\jackson-annotations-2.10.3.jar;C:\Users\user\.m2\repository\com\fasterxml\jackson\core\jackson-databind\2.10.3\jackson-databind-2.10.3.jar;C:\Users\user\.m2\repository\com\fasterxml\jackson\core\jackson-core\2.10.3\jackson-core-2.10.3.jar;C:\Users\user\.m2\repository\org\bouncycastle\bcpkix-jdk18on\1.76\bcpkix-jdk18on-1.76.jar;C:\Users\user\.m2\repository\org\bouncycastle\bcprov-jdk18on\1.76\bcprov-jdk18on-1.76.jar;C:\Users\user\.m2\repository\org\bouncycastle\bcutil-jdk18on\1.76\bcutil-jdk18on-1.76.jar;C:\Users\user\.m2\repository\org\slf4j\jcl-over-slf4j\1.7.30\jcl-over-slf4j-1.7.30.jar;C:\Users\user\.m2\repository\com\github\docker-java\docker-java-transport-httpclient5\3.3.6\docker-java-transport-httpclient5-3.3.6.jar;C:\Users\user\.m2\repository\com\github\docker-java\docker-java-transport\3.3.6\docker-java-transport-3.3.6.jar;C:\Users\user\.m2\repository\net\java\dev\jna\jna\5.13.0\jna-5.13.0.jar;C:\Users\user\.m2\repository\org\brotli\dec\0.1.2\dec-0.1.2.jar;C:\Users\user\.m2\repository\org\apache\commons\commons-lang3\3.14.0\commons-lang3-3.14.0.jar;C:\Users\user\.m2\repository\org\apache\commons\commons-compress\1.26.1\commons-compress-1.26.1.jar;C:\Users\user\.m2\repository\commons-codec\commons-codec\1.16.1\commons-codec-1.16.1.jar;C:\Users\user\.m2\repository\commons-io\commons-io\2.15.1\commons-io-2.15.1.jar;C:\Users\user\.m2\repository\org\apache\httpcomponents\client5\httpclient5\5.2.1\httpclient5-5.2.1.jar;C:\Users\user\.m2\repository\org\apache\httpcomponents\core5\httpcore5\5.2\httpcore5-5.2.jar;C:\Users\user\.m2\repository\org\apache\httpcomponents\core5\httpcore5-h2\5.2\httpcore5-h2-5.2.jar
Launcher Type: SUN_STANDARD

[Global flags]
     intx CICompilerCount                          = 12                                        {product} {ergonomic}
     uint ConcGCThreads                            = 3                                         {product} {ergonomic}
     uint G1ConcRefinementThreads                  = 13                                        {product} {ergonomic}
   size_t G1HeapRegionSize                         = 2097152                                   {product} {ergonomic}
   size_t InitialHeapSize                          = 266338304                                 {product} {ergonomic}
   size_t MarkStackSize                            = 4194304                                   {product} {ergonomic}
   size_t MarkStackSizeMax                         = 536870912                                 {product} {ergonomic}
   size_t MaxHeapSize                              = 4236247040                                {product} {ergonomic}
   size_t MaxNewSize                               = 2541748224                                {product} {ergonomic}
   size_t MinHeapDeltaBytes                        = 2097152                                   {product} {ergonomic}
   size_t MinHeapSize                              = 8388608                                   {product} {ergonomic}
    uintx NonNMethodCodeHeapSize                   = 7602176                                {pd product} {ergonomic}
    uintx NonProfiledCodeHeapSize                  = 122093568                              {pd product} {ergonomic}
    uintx ProfiledCodeHeapSize                     = 121962496                              {pd product} {ergonomic}
    uintx ReservedCodeCacheSize                    = 251658240                              {pd product} {ergonomic}
     bool SegmentedCodeCache                       = true                                      {product} {ergonomic}
   size_t SoftMaxHeapSize                          = 4236247040                             {manageable} {ergonomic}
     bool UseCompressedOops                        = true                           {product lp64_product} {ergonomic}
     bool UseG1GC                                  = true                                      {product} {ergonomic}
     bool UseLargePagesIndividualAllocation        = false                                  {pd product} {ergonomic}

Logging:
Log output configuration:
 #0: stdout all=warning uptime,level,tags foldmultilines=false
 #1: stderr all=off uptime,level,tags foldmultilines=false

Environment Variables:
JAVA_HOME=C:\Program Files\Java\jdk-24
PATH=C:\Program Files\Common Files\Oracle\Java\javapath;C:\WINDOWS\system32;C:\WINDOWS;C:\WINDOWS\System32\Wbem;C:\WINDOWS\System32\WindowsPowerShell\v1.0\;C:\WINDOWS\System32\OpenSSH\;C:\Program Files\dotnet\;C:\Program Files\nodejs\;C:\Program Files\Git\cmd;C:\Program Files\MySQL\MySQL Shell 8.0\bin\;C:\Users\user\AppData\Local\Programs\Python\Python314\Scripts\;C:\Users\user\AppData\Local\Programs\Python\Python314\;C:\Users\user\AppData\Local\Microsoft\WindowsApps;C:\Users\user\AppData\Roaming\npm;C:\Users\user\AppData\Local\Programs\Microsoft VS Code\bin;C:\Program Files\JetBrains\IntelliJ IDEA 2022.1.1\bin;;C:\Program Files\JetBrains\IntelliJ IDEA Community Edition 2025.2.3\bin;
USERNAME=user
OS=Windows_NT
PROCESSOR_IDENTIFIER=Intel64 Family 6 Model 165 Stepping 2, GenuineIntel
TMP=C:\Users\user\AppData\Local\Temp
TEMP=C:\Users\user\AppData\Local\Temp




Periodic native trim disabled

---------------  S Y S T E M  ---------------

OS:
 Windows 11 , 64 bit Build 26100 (10.0.26100.7019)
OS uptime: 12 days 2:05 hours

CPU: total 16 (initial active 16) (8 cores per cpu, 2 threads per core) family 6 model 165 stepping 2 microcode 0x100, cx8, cmov, fxsr, ht, mmx, 3dnowpref, sse, sse2, sse3, ssse3, sse4.1, sse4.2, popcnt, lzcnt, tsc, tscinvbit, avx, avx2, aes, erms, clmul, bmi1, bmi2, adx, fma, vzeroupper, clflush, clflushopt, rdtscp, f16c, pku
Processor Information for the first 16 processors :
  Max Mhz: 2208, Current Mhz: 2208, Mhz Limit: 2208

Memory: 4k page, system-wide physical 16158M (872M free)
TotalPageFile size 41576M (AvailPageFile size 11M)
current process WorkingSet (physical memory assigned to process): 161M, peak: 183M
current process commit charge ("private bytes"): 224M, peak: 423M

vm_info: Java HotSpot(TM) 64-Bit Server VM (24.0.1+9-30) for windows-amd64 JRE (24.0.1+9-30), built on 2025-03-05T07:23:45Z with MS VC++ 17.6 (VS2022)

END.
